<?xml version="1.0" encoding="utf-8"?><testsuites name="pytest tests"><testsuite name="pytest" errors="0" failures="0" skipped="0" tests="21" time="7.767" timestamp="2026-05-01T18:56:28.364658+00:00" hostname="agent-env-51c8ec39-0ed1-4f70-8960-d8b397cc61bc"><testcase classname="backend.tests.test_full_flow" name="test_01_health" time="0.137" /><testcase classname="backend.tests.test_full_flow" name="test_02_admin_login_wrong_password" time="0.056" /><testcase classname="backend.tests.test_full_flow" name="test_03_admin_login_success" time="0.055" /><testcase classname="backend.tests.test_full_flow" name="test_04_create_teacher" time="0.054" /><testcase classname="backend.tests.test_full_flow" name="test_05_list_teachers_contains" time="0.049" /><testcase classname="backend.tests.test_full_flow" name="test_06_update_teacher" time="0.153" /><testcase classname="backend.tests.test_full_flow" name="test_07_toggle_disables_teacher" time="0.149" /><testcase classname="backend.tests.test_full_flow" name="test_08_teacher_login_wrong_password" time="0.049" /><testcase classname="backend.tests.test_full_flow" name="test_09_teacher_login_success" time="0.052" /><testcase classname="backend.tests.test_full_flow" name="test_10_teacher_generate_questions" time="6.214" /><testcase classname="backend.tests.test_full_flow" name="test_11_activate_test" time="0.054" /><testcase classname="backend.tests.test_full_flow" name="test_12_student_find_test_class_mismatch" time="0.053" /><testcase classname="backend.tests.test_full_flow" name="test_13_student_find_test_no_answers" time="0.059" /><testcase classname="backend.tests.test_full_flow" name="test_14_student_submit" time="0.077" /><testcase classname="backend.tests.test_full_flow" name="test_15_already_attempted_via_find" time="0.058" /><testcase classname="backend.tests.test_full_flow" name="test_16_double_submit_blocked" time="0.047" /><testcase classname="backend.tests.test_full_flow" name="test_17_student_history" time="0.053" /><testcase classname="backend.tests.test_full_flow" name="test_18_admin_students" time="0.050" /><testcase classname="backend.tests.test_full_flow" name="test_19_reveal" time="0.132" /><testcase classname="backend.tests.test_full_flow" name="test_20_teacher_history" time="0.049" /><testcase classname="backend.tests.test_full_flow" name="test_99_clear_all" time="0.100" /></testsuite></testsuites>